#-----------------------------------------------------------
# Vivado v2019.1 (64-bit)
# SW Build 2552052 on Fri May 24 14:49:42 MDT 2019
# IP Build 2548770 on Fri May 24 18:01:18 MDT 2019
# Start of session at: Sun May 16 02:32:13 2021
# Process ID: 5168
# Current directory: C:/Users/kylet/GoogleDrive/Sync/ECE_4304/SHA3_Test/SHA3
# Command line: vivado.exe -gui_launcher_event rodinguilauncherevent25984 C:\Users\kylet\GoogleDrive\Sync\ECE_4304\SHA3_Test\SHA3\SHA3.xpr
# Log file: C:/Users/kylet/GoogleDrive/Sync/ECE_4304/SHA3_Test/SHA3/vivado.log
# Journal file: C:/Users/kylet/GoogleDrive/Sync/ECE_4304/SHA3_Test/SHA3\vivado.jou
#-----------------------------------------------------------
start_gui
open_project C:/Users/kylet/GoogleDrive/Sync/ECE_4304/SHA3_Test/SHA3/SHA3.xpr
INFO: [Project 1-313] Project file moved from 'C:/Users/kylet/GoogleDrive/Sync/ECE_4304/SHA3/.Xil/Vivado-13812-K-ANI/PrjAr/_X_' since last save.
Scanning sources...
Finished scanning sources
INFO: [IP_Flow 19-234] Refreshing IP repositories
INFO: [IP_Flow 19-1700] Loaded user IP repository 'c:/Users/kylet/GoogleDrive/Sync/ECE_4304/SHA3_Test/SHA3/SHA3.ipdefs/ip_repo_0'.
INFO: [IP_Flow 19-2313] Loaded Vivado IP repository 'C:/Xilinx/Vivado/2019.1/data/ip'.
update_compile_order -fileset sources_1
archive_project C:/Users/kylet/GoogleDrive/Sync/ECE_4304/SHA3_Test/SHA3.xpr.zip -temp_dir C:/Users/kylet/GoogleDrive/Sync/ECE_4304/SHA3_Test/SHA3/.Xil/Vivado-5168-K-ANI -force -exclude_run_results -include_local_ip_cache -include_config_settings
INFO: [Coretcl 2-137] starting archive...
INFO: [Coretcl 2-1499] Saving project copy to temporary location 'C:/Users/kylet/GoogleDrive/Sync/ECE_4304/SHA3_Test/SHA3/.Xil/Vivado-5168-K-ANI' for archiving project
Scanning sources...
Finished scanning sources
INFO: [IP_Flow 19-234] Refreshing IP repositories
INFO: [IP_Flow 19-1700] Loaded user IP repository 'c:/Users/kylet/GoogleDrive/Sync/ECE_4304/SHA3_Test/SHA3/SHA3.ipdefs/ip_repo_0'.
INFO: [IP_Flow 19-2313] Loaded Vivado IP repository 'C:/Xilinx/Vivado/2019.1/data/ip'.
INFO: [Coretcl 2-1211] Creating project copy for archival...
INFO: [ProjectBase 1-495] The host OS only allows 260 characters in a normal path. The project is stored in a path with more than 80 characters. If you experience any problem with archiving the project, please consider setting environment variable $TEMP to a shorter path.
Current project path is 'C:/Users/kylet/GoogleDrive/Sync/ECE_4304/SHA3_Test/SHA3/.Xil/Vivado-5168-K-ANI/PrjAr/_X_'.
INFO: [Coretcl 2-135] resetting runs for excluding generated files from archive...
WARNING: [Coretcl 2-105] Run 'synth_1' is currently active
INFO: [Coretcl 2-133] re-setting run 'synth_1'...
INFO: [Coretcl 2-133] re-setting run 'impl_1'...
INFO: [Coretcl 2-1212] Importing remotely added design sources and verilog include files (if any)...
INFO: [filemgmt 20-334] All file(s) are already imported in fileset: 'constrs_1'
INFO: [filemgmt 20-348] Importing the appropriate files for fileset: 'constrs_1'
INFO: [filemgmt 20-334] All file(s) are already imported in fileset: 'sim_1'
INFO: [filemgmt 20-348] Importing the appropriate files for fileset: 'sim_1'
INFO: [filemgmt 20-348] Importing the appropriate files for fileset: 'sources_1'
